Get network
Branch locs:  [5]
Got them -
Training
ID  783825
Import data
Training main network
training main:  True
0 :  0.14203906
1 :  0.23284703
2 :  0.2559932
3 :  0.27519986
4 :  0.28857088
5 :  0.31075945
6 :  0.3302461
7 :  0.3606752
8 :  0.38010395
9 :  0.39064494
Main loss:  [2.2443168, 2.0581474, 1.9986206, 1.944813, 1.8950713, 1.8233942, 1.7898228, 1.7047237, 1.669542, 1.645676]
Main acc:  [0.14203906, 0.23284703, 0.2559932, 0.27519986, 0.28857088, 0.31075945, 0.3302461, 0.3606752, 0.38010395, 0.39064494]
Main time:  7338.254346847534
Training branchynet network
training main:  False
0 :  [0.33646894 0.37101495]
1 :  [0.41043052 0.40202394]
2 :  [0.42952898 0.41532567]
3 :  [0.44443178 0.4288438 ]
4 :  [0.46310133 0.43869388]
5 :  [0.47051618 0.4484937 ]
6 :  [0.47514272 0.45041546]
7 :  [0.48665082 0.4623962 ]
8 :  [0.4948154 0.4671888]
9 :  [0.506313   0.47170153]
10 :  [0.5097637 0.4760766]
11 :  [0.51384366 0.4780886 ]
12 :  [0.52452606 0.48513898]
13 :  [0.5271236  0.48627782]
14 :  [0.5385215 0.4967894]
Branch loss:  [array([1.7987894, 1.7073735], dtype=float32), array([1.5914366, 1.6232885], dtype=float32), array([1.5423818, 1.5881592], dtype=float32), array([1.5011419, 1.5611488], dtype=float32), array([1.4625096, 1.5361822], dtype=float32), array([1.4393823, 1.5159211], dtype=float32), array([1.4268497, 1.506492 ], dtype=float32), array([1.4029642, 1.4802923], dtype=float32), array([1.3871953, 1.4742721], dtype=float32), array([1.3570356, 1.4556453], dtype=float32), array([1.34936  , 1.4461278], dtype=float32), array([1.3389528, 1.4370493], dtype=float32), array([1.3156879, 1.4261622], dtype=float32), array([1.3064424, 1.419802 ], dtype=float32), array([1.2732719, 1.3921373], dtype=float32)]
Branch acc:  [array([0.33646894, 0.37101495], dtype=float32), array([0.41043052, 0.40202394], dtype=float32), array([0.42952898, 0.41532567], dtype=float32), array([0.44443178, 0.4288438 ], dtype=float32), array([0.46310133, 0.43869388], dtype=float32), array([0.47051618, 0.4484937 ], dtype=float32), array([0.47514272, 0.45041546], dtype=float32), array([0.48665082, 0.4623962 ], dtype=float32), array([0.4948154, 0.4671888], dtype=float32), array([0.506313  , 0.47170153], dtype=float32), array([0.5097637, 0.4760766], dtype=float32), array([0.51384366, 0.4780886 ], dtype=float32), array([0.52452606, 0.48513898], dtype=float32), array([0.5271236 , 0.48627782], dtype=float32), array([0.5385215, 0.4967894], dtype=float32)]
Branch time:  26566.8668653965
BranchyNet.testing()
test suite
utils test
g_baseacc:  0.4852
g_basediff:  6.504672050476074
utils test 2
screen branchy
