Get network
Branch locs:  [2]
Got them -
Training
ID  2387356
Import data
Training main network
training main:  True
0 :  0.09976977
1 :  0.0950872
2 :  0.099439494
3 :  0.09836044
4 :  0.09954104
5 :  0.09873342
6 :  0.10024808
7 :  0.09757938
8 :  0.09921742
9 :  0.096634135
Main loss:  [2.3027484, 2.3027608, 2.302713, 2.3026829, 2.3026466, 2.3026624, 2.3026738, 2.3026426, 2.302661, 2.3026457]
Main acc:  [0.09976977, 0.0950872, 0.099439494, 0.09836044, 0.09954104, 0.09873342, 0.10024808, 0.09757938, 0.09921742, 0.096634135]
Main time:  3438.9241733551025
Training branchynet network
training main:  False
0 :  [0.1660403  0.11024812]
1 :  [0.27343085 0.24186766]
2 :  [0.30873325 0.29414365]
3 :  [0.33714846 0.32542405]
4 :  [0.3546763 0.3493256]
5 :  [0.36720175 0.3686101 ]
6 :  [0.37338376 0.37923366]
7 :  [0.38287988 0.38933524]
8 :  [0.39516142 0.40009642]
9 :  [0.40061745 0.4102113 ]
10 :  [0.41184837 0.42017528]
11 :  [0.42187974 0.43221477]
12 :  [0.428933   0.43831995]
13 :  [0.43468797 0.44666392]
14 :  [0.4397274  0.44919124]
Branch loss:  [array([2.2190628, 2.2891276], dtype=float32), array([2.0159864, 2.0603824], dtype=float32), array([1.918966 , 1.9242562], dtype=float32), array([1.8491553, 1.8435647], dtype=float32), array([1.8024942, 1.7888986], dtype=float32), array([1.7728891, 1.7477425], dtype=float32), array([1.7476609, 1.7156017], dtype=float32), array([1.7223032, 1.6915073], dtype=float32), array([1.691736 , 1.6640188], dtype=float32), array([1.666999 , 1.6331981], dtype=float32), array([1.6421304, 1.6035415], dtype=float32), array([1.6187629, 1.5778525], dtype=float32), array([1.6045879, 1.5625522], dtype=float32), array([1.5885664, 1.5420498], dtype=float32), array([1.5764679, 1.5298532], dtype=float32)]
Branch acc:  [array([0.1660403 , 0.11024812], dtype=float32), array([0.27343085, 0.24186766], dtype=float32), array([0.30873325, 0.29414365], dtype=float32), array([0.33714846, 0.32542405], dtype=float32), array([0.3546763, 0.3493256], dtype=float32), array([0.36720175, 0.3686101 ], dtype=float32), array([0.37338376, 0.37923366], dtype=float32), array([0.38287988, 0.38933524], dtype=float32), array([0.39516142, 0.40009642], dtype=float32), array([0.40061745, 0.4102113 ], dtype=float32), array([0.41184837, 0.42017528], dtype=float32), array([0.42187974, 0.43221477], dtype=float32), array([0.428933  , 0.43831995], dtype=float32), array([0.43468797, 0.44666392], dtype=float32), array([0.4397274 , 0.44919124], dtype=float32)]
Branch time:  9359.108359098434
BranchyNet.testing()
test suite
utils test
g_baseacc:  0.4065
g_basediff:  3.230500912666321
utils test 2
screen branchy
