Get network
Branch locs:  [4]
Got them -
Training
ID  3309130
Import data
Training main network
training main:  True
0 :  0.15408523
1 :  0.22768521
2 :  0.26114932
3 :  0.27751458
4 :  0.2984675
5 :  0.32537374
6 :  0.34550858
7 :  0.36261216
8 :  0.37993786
9 :  0.39038965
Main loss:  [2.2255232, 2.0670347, 1.98109, 1.9378905, 1.8778243, 1.7996714, 1.7372707, 1.6839905, 1.6462787, 1.6263971]
Main acc:  [0.15408523, 0.22768521, 0.26114932, 0.27751458, 0.2984675, 0.32537374, 0.34550858, 0.36261216, 0.37993786, 0.39038965]
Main time:  7429.0351350307465
Training branchynet network
training main:  False
0 :  [0.29489055 0.3783729 ]
1 :  [0.37488517 0.3962338 ]
2 :  [0.40179047 0.41518998]
3 :  [0.41684127 0.42713365]
4 :  [0.43102947 0.43629187]
5 :  [0.44634885 0.45059484]
6 :  [0.45167392 0.45058724]
7 :  [0.45596832 0.45729128]
8 :  [0.47006726 0.47072306]
9 :  [0.47927678 0.4750393 ]
10 :  [0.48863524 0.48200902]
11 :  [0.49835816 0.49316123]
12 :  [0.503687   0.49316788]
13 :  [0.5103654 0.5032258]
14 :  [0.52251506 0.51184404]
Branch loss:  [array([1.9013691, 1.6806898], dtype=float32), array([1.6737293, 1.6239554], dtype=float32), array([1.6094034, 1.5826777], dtype=float32), array([1.5679383, 1.5584698], dtype=float32), array([1.5269833, 1.5316799], dtype=float32), array([1.4959869, 1.5065526], dtype=float32), array([1.4890739, 1.5084436], dtype=float32), array([1.4725128, 1.4943801], dtype=float32), array([1.4386123, 1.4654068], dtype=float32), array([1.4143163, 1.4436415], dtype=float32), array([1.392293, 1.42716 ], dtype=float32), array([1.373442 , 1.4108837], dtype=float32), array([1.3574868, 1.4019237], dtype=float32), array([1.3446982, 1.3860912], dtype=float32), array([1.311673 , 1.3596302], dtype=float32)]
Branch acc:  [array([0.29489055, 0.3783729 ], dtype=float32), array([0.37488517, 0.3962338 ], dtype=float32), array([0.40179047, 0.41518998], dtype=float32), array([0.41684127, 0.42713365], dtype=float32), array([0.43102947, 0.43629187], dtype=float32), array([0.44634885, 0.45059484], dtype=float32), array([0.45167392, 0.45058724], dtype=float32), array([0.45596832, 0.45729128], dtype=float32), array([0.47006726, 0.47072306], dtype=float32), array([0.47927678, 0.4750393 ], dtype=float32), array([0.48863524, 0.48200902], dtype=float32), array([0.49835816, 0.49316123], dtype=float32), array([0.503687  , 0.49316788], dtype=float32), array([0.5103654, 0.5032258], dtype=float32), array([0.52251506, 0.51184404], dtype=float32)]
Branch time:  26243.07599425316
BranchyNet.testing()
test suite
utils test
g_baseacc:  0.4972
g_basediff:  6.551968050003052
utils test 2
screen branchy
