Get network
Branch locs:  [1]
Got them -
Training
ID  7680343
Import data
Training main network
training main:  True
0 :  0.09965303
1 :  0.09883401
2 :  0.09750061
3 :  0.09897541
4 :  0.09683248
5 :  0.09933415
6 :  0.10050526
7 :  0.09734781
8 :  0.09674327
9 :  0.09917661
Main loss:  [2.3027713, 2.3026798, 2.3027086, 2.30266, 2.302701, 2.302658, 2.3026686, 2.3026533, 2.3026564, 2.3026414]
Main acc:  [0.09965303, 0.09883401, 0.09750061, 0.09897541, 0.09683248, 0.09933415, 0.10050526, 0.09734781, 0.09674327, 0.09917661]
Main time:  6972.54326581955
Training branchynet network
training main:  False
0 :  [0.21758932 0.09753952]
1 :  [0.30760106 0.09717983]
2 :  [0.35064954 0.09643389]
3 :  [0.3838517  0.09848951]
4 :  [0.40061936 0.09489644]
5 :  [0.41190627 0.09785175]
6 :  [0.42336404 0.09807857]
7 :  [0.4341366  0.09832153]
8 :  [0.4406926  0.09907792]
9 :  [0.44835132 0.09696346]
10 :  [0.4569705  0.09826553]
11 :  [0.4612241  0.09812982]
12 :  [0.46811792 0.0985493 ]
13 :  [0.47289065 0.09731365]
14 :  [0.47834766 0.09838227]
Branch loss:  [array([2.15644  , 2.3026605], dtype=float32), array([1.9629549, 2.3026316], dtype=float32), array([1.8432248, 2.3026278], dtype=float32), array([1.7529273, 2.3026466], dtype=float32), array([1.7038422, 2.3026307], dtype=float32), array([1.670495 , 2.3026245], dtype=float32), array([1.6374419, 2.302638 ], dtype=float32), array([1.6087358, 2.30263  ], dtype=float32), array([1.5869572, 2.3026302], dtype=float32), array([1.5682478, 2.3026385], dtype=float32), array([1.5438147, 2.3026283], dtype=float32), array([1.5282714, 2.3026261], dtype=float32), array([1.5081768, 2.3026328], dtype=float32), array([1.495873 , 2.3026335], dtype=float32), array([1.4812479, 2.3026366], dtype=float32)]
Branch acc:  [array([0.21758932, 0.09753952], dtype=float32), array([0.30760106, 0.09717983], dtype=float32), array([0.35064954, 0.09643389], dtype=float32), array([0.3838517 , 0.09848951], dtype=float32), array([0.40061936, 0.09489644], dtype=float32), array([0.41190627, 0.09785175], dtype=float32), array([0.42336404, 0.09807857], dtype=float32), array([0.4341366 , 0.09832153], dtype=float32), array([0.4406926 , 0.09907792], dtype=float32), array([0.44835132, 0.09696346], dtype=float32), array([0.4569705 , 0.09826553], dtype=float32), array([0.4612241 , 0.09812982], dtype=float32), array([0.46811792, 0.0985493 ], dtype=float32), array([0.47289065, 0.09731365], dtype=float32), array([0.47834766, 0.09838227], dtype=float32)]
Branch time:  14932.501379489899
BranchyNet.testing()
test suite
utils test
g_baseacc:  0.1
g_basediff:  6.301190733909607
utils test 2
screen branchy
