Get network
Branch locs:  [3]
Got them -
Training
ID  4395184
Import data
Training main network
training main:  True
0 :  0.09772363
1 :  0.09689417
2 :  0.09929809
3 :  0.10066945
4 :  0.09778911
5 :  0.09720355
6 :  0.09880933
7 :  0.09916427
8 :  0.100336336
9 :  0.10073873
Main loss:  [2.3027587, 2.3027291, 2.3026702, 2.3026752, 2.3026721, 2.3026898, 2.30264, 2.3026695, 2.302661, 2.30261]
Main acc:  [0.09772363, 0.09689417, 0.09929809, 0.10066945, 0.09778911, 0.09720355, 0.09880933, 0.09916427, 0.100336336, 0.10073873]
Main time:  7195.464938402176
Training branchynet network
training main:  False
0 :  [0.09920603 0.09749206]
1 :  [0.09663793 0.09770845]
2 :  [0.09881503 0.09868501]
3 :  [0.09924589 0.09743133]
4 :  [0.09733073 0.09740191]
5 :  [0.09751009 0.0966123 ]
6 :  [0.09846199 0.09916902]
7 :  [0.09748922 0.09551711]
8 :  [0.09790016 0.09903046]
9 :  [0.09749206 0.09638549]
10 :  [0.09915763 0.09674422]
11 :  [0.0966237  0.09560727]
12 :  [0.09942242 0.09940249]
13 :  [0.09771983 0.09781948]
14 :  [0.09904659 0.09882736]
Branch loss:  [array([2.3026938, 2.3026264], dtype=float32), array([2.3026345, 2.3026862], dtype=float32), array([2.3026385, 2.3026657], dtype=float32), array([2.302642 , 2.3026452], dtype=float32), array([2.3026345, 2.3026526], dtype=float32), array([2.3026376, 2.3026466], dtype=float32), array([2.3026314, 2.3026345], dtype=float32), array([2.3026302, 2.302639 ], dtype=float32), array([2.3026357, 2.3026462], dtype=float32), array([2.3026428, 2.3026578], dtype=float32), array([2.3026366, 2.3026447], dtype=float32), array([2.302659 , 2.3026605], dtype=float32), array([2.302634, 2.302634], dtype=float32), array([2.3026292, 2.3026297], dtype=float32), array([2.3026361, 2.302636 ], dtype=float32)]
Branch acc:  [array([0.09920603, 0.09749206], dtype=float32), array([0.09663793, 0.09770845], dtype=float32), array([0.09881503, 0.09868501], dtype=float32), array([0.09924589, 0.09743133], dtype=float32), array([0.09733073, 0.09740191], dtype=float32), array([0.09751009, 0.0966123 ], dtype=float32), array([0.09846199, 0.09916902], dtype=float32), array([0.09748922, 0.09551711], dtype=float32), array([0.09790016, 0.09903046], dtype=float32), array([0.09749206, 0.09638549], dtype=float32), array([0.09915763, 0.09674422], dtype=float32), array([0.0966237 , 0.09560727], dtype=float32), array([0.09942242, 0.09940249], dtype=float32), array([0.09771983, 0.09781948], dtype=float32), array([0.09904659, 0.09882736], dtype=float32)]
Branch time:  23398.32009959221
BranchyNet.testing()
test suite
utils test
g_baseacc:  0.1
g_basediff:  6.325431704521179
utils test 2
screen branchy
