Get network
Branch locs:  [3]
Training
Get data
Training main network
training main:  True
0 :  0.80952615
1 :  0.9494836
2 :  0.96742034
3 :  0.9751501
4 :  0.9775998
5 :  0.9803915
6 :  0.98260945
7 :  0.9839943
8 :  0.98531294
9 :  0.98648256
10 :  0.98763573
11 :  0.9888054
12 :  0.98914194
13 :  0.9899364
14 :  0.9910896
15 :  0.99130476
16 :  0.9914427
17 :  0.99064815
18 :  0.99327445
19 :  0.99344546
20 :  0.9939365
21 :  0.9940634
22 :  0.9942399
23 :  0.9947089
24 :  0.9944441
25 :  0.9956248
26 :  0.9964579
27 :  0.9958013
28 :  0.99612135
29 :  0.9957627
30 :  0.99683857
31 :  0.9977324
32 :  0.9970317
33 :  0.99673927
34 :  0.9978483
35 :  0.9968882
36 :  0.99752825
37 :  0.9978483
38 :  0.9981958
39 :  0.99753374
40 :  0.99715304
41 :  0.99688274
42 :  0.99667305
43 :  0.99807996
44 :  0.9989572
45 :  0.9990731
46 :  0.9985931
47 :  0.99834484
48 :  0.99771035
49 :  0.9952993
Main loss:  [0.64363664, 0.16430193, 0.106421344, 0.08303775, 0.071580574, 0.06443214, 0.055568315, 0.052005593, 0.046550654, 0.042209055, 0.038554985, 0.03549752, 0.032899275, 0.031000026, 0.028186778, 0.025898376, 0.026887864, 0.028383903, 0.021421239, 0.020492366, 0.019538296, 0.017871562, 0.017176006, 0.015894644, 0.017389616, 0.0136609245, 0.010936079, 0.012970718, 0.011518455, 0.012286145, 0.009609649, 0.007788441, 0.008305992, 0.009378797, 0.0069306362, 0.008840307, 0.007041929, 0.006612211, 0.0056880023, 0.0068806964, 0.008367019, 0.008480853, 0.010099007, 0.0052412543, 0.003413003, 0.0027621437, 0.003985818, 0.004828538, 0.0070082853, 0.014388552]
Main acc:  [0.80952615, 0.9494836, 0.96742034, 0.9751501, 0.9775998, 0.9803915, 0.98260945, 0.9839943, 0.98531294, 0.98648256, 0.98763573, 0.9888054, 0.98914194, 0.9899364, 0.9910896, 0.99130476, 0.9914427, 0.99064815, 0.99327445, 0.99344546, 0.9939365, 0.9940634, 0.9942399, 0.9947089, 0.9944441, 0.9956248, 0.9964579, 0.9958013, 0.99612135, 0.9957627, 0.99683857, 0.9977324, 0.9970317, 0.99673927, 0.9978483, 0.9968882, 0.99752825, 0.9978483, 0.9981958, 0.99753374, 0.99715304, 0.99688274, 0.99667305, 0.99807996, 0.9989572, 0.9990731, 0.9985931, 0.99834484, 0.99771035, 0.9952993]
Main time:  3929.7175784111023
Training branchynet network
training main:  False
0 :  [0.85227424 0.9831225 ]
1 :  [0.97224796 0.9899309 ]
2 :  [0.9801432  0.99382615]
3 :  [0.9841047  0.99543166]
4 :  [0.98604125 0.9958731 ]
5 :  [0.988215  0.9967889]
6 :  [0.98892677 0.99720275]
7 :  [0.99074197 0.9973683 ]
8 :  [0.99169093 0.99740136]
9 :  [0.9922537 0.9975669]
10 :  [0.99258476 0.99750066]
11 :  [0.9937213 0.9985269]
12 :  [0.9934565 0.9983779]
13 :  [0.99374336 0.9988579 ]
14 :  [0.9947641 0.9985765]
15 :  [0.9954924 0.9985876]
16 :  [0.9955806 0.9981131]
17 :  [0.9961158 0.9986593]
18 :  [0.995862  0.9989738]
19 :  [0.99702066 0.9995862 ]
20 :  [0.99654067 0.99863726]
21 :  [0.99533236 0.9969048 ]
22 :  [0.99726343 0.9978979 ]
23 :  [0.9970041 0.99856  ]
24 :  [0.9978648  0.99846065]
25 :  [0.99826205 0.99928826]
26 :  [0.9981793 0.9989572]
27 :  [0.99768275 0.9987752 ]
28 :  [0.99860966 0.9995366 ]
29 :  [0.9987586  0.99918896]
30 :  [0.9984938  0.99899036]
31 :  [0.9977986 0.9985269]
32 :  [0.9986262 0.9980965]
33 :  [0.99856   0.9980469]
34 :  [0.99902344 0.9987586 ]
35 :  [0.9987586 0.9993214]
36 :  [0.9996524 0.9997848]
37 :  [0.99966896 0.99976826]
38 :  [0.9993545 0.9999007]
39 :  [0.99929935 0.99938756]
40 :  [0.996651   0.99704826]
41 :  [0.9962096 0.9985269]
42 :  [0.99904   0.9993214]
43 :  [0.99753374 0.9972855 ]
44 :  [0.99908966 0.99874204]
45 :  [0.9996359 0.9997186]
46 :  [0.99995035 0.9998014 ]
47 :  [0.99998343 0.9999669 ]
48 :  [1. 1.]
49 :  [1. 1.]
50 :  [1. 1.]
51 :  [1. 1.]
52 :  [1. 1.]
53 :  [1. 1.]
54 :  [1. 1.]
55 :  [1. 1.]
56 :  [1. 1.]
57 :  [1. 1.]
58 :  [1. 1.]
59 :  [1. 1.]
60 :  [1. 1.]
61 :  [1. 1.]
62 :  [1. 1.]
63 :  [1. 1.]
64 :  [1. 1.]
65 :  [1. 1.]
66 :  [1. 1.]
67 :  [1. 1.]
68 :  [1. 1.]
69 :  [1. 1.]
70 :  [1. 1.]
71 :  [1. 1.]
72 :  [1. 1.]
73 :  [1. 1.]
74 :  [1. 1.]
75 :  [1. 1.]
76 :  [0.9985214 0.9996138]
77 :  [0.9892192  0.99129367]
78 :  [0.9971972 0.9974455]
79 :  [0.9983062 0.998411 ]
80 :  [0.9985765 0.9992552]
81 :  [0.99960274 0.9995366 ]
82 :  [0.99985105 0.99985105]
83 :  [1. 1.]
84 :  [1. 1.]
85 :  [1. 1.]
86 :  [1. 1.]
87 :  [1. 1.]
88 :  [1. 1.]
89 :  [1. 1.]
90 :  [1. 1.]
91 :  [1. 1.]
92 :  [1. 1.]
93 :  [1. 1.]
94 :  [1. 1.]
95 :  [1. 1.]
96 :  [1. 1.]
97 :  [1. 1.]
98 :  [1. 1.]
99 :  [1. 1.]
Branch loss:  [array([0.50980043, 0.06053989], dtype=float32), array([0.09092723, 0.0330373 ], dtype=float32), array([0.06372911, 0.01848395], dtype=float32), array([0.05076309, 0.01476727], dtype=float32), array([0.04601372, 0.0121241 ], dtype=float32), array([0.03827733, 0.0098816 ], dtype=float32), array([0.0357133 , 0.00843755], dtype=float32), array([0.03046376, 0.00670812], dtype=float32), array([0.02751342, 0.00715851], dtype=float32), array([0.02517505, 0.00652523], dtype=float32), array([0.02453053, 0.0067028 ], dtype=float32), array([0.02114823, 0.00470061], dtype=float32), array([0.02077154, 0.00498518], dtype=float32), array([0.02017317, 0.00411144], dtype=float32), array([0.01667822, 0.00395147], dtype=float32), array([0.01477511, 0.0044532 ], dtype=float32), array([0.0149808 , 0.00515987], dtype=float32), array([0.01263198, 0.00371926], dtype=float32), array([0.01335348, 0.00312268], dtype=float32), array([0.01015622, 0.00183388], dtype=float32), array([0.01054406, 0.00411701], dtype=float32), array([0.01406592, 0.00898367], dtype=float32), array([0.00926526, 0.0056981 ], dtype=float32), array([0.00965307, 0.00413613], dtype=float32), array([0.00712427, 0.00454017], dtype=float32), array([0.00645896, 0.00245298], dtype=float32), array([0.0061775, 0.0029879], dtype=float32), array([0.00741262, 0.00408852], dtype=float32), array([0.00510758, 0.00138524], dtype=float32), array([0.00434641, 0.00219401], dtype=float32), array([0.0052244 , 0.00304425], dtype=float32), array([0.00685085, 0.00411865], dtype=float32), array([0.00465119, 0.00575957], dtype=float32), array([0.00493592, 0.00607805], dtype=float32), array([0.00384799, 0.00406333], dtype=float32), array([0.00406951, 0.00176226], dtype=float32), array([0.0021163 , 0.00068143], dtype=float32), array([0.00166148, 0.00061609], dtype=float32), array([0.00247791, 0.00035279], dtype=float32), array([0.00244889, 0.00171213], dtype=float32), array([0.00914717, 0.01063691], dtype=float32), array([0.01083085, 0.00487491], dtype=float32), array([0.00356283, 0.00253688], dtype=float32), array([0.00660613, 0.00919208], dtype=float32), array([0.00331327, 0.00365447], dtype=float32), array([0.00168437, 0.00094551], dtype=float32), array([0.00075621, 0.0005697 ], dtype=float32), array([0.00049492, 0.00022012], dtype=float32), array([3.3942942e-04, 5.5845096e-05], dtype=float32), array([2.8321907e-04, 4.1113457e-05], dtype=float32), array([2.4523673e-04, 3.0666910e-05], dtype=float32), array([2.1049731e-04, 2.7827435e-05], dtype=float32), array([1.8596066e-04, 2.5159405e-05], dtype=float32), array([1.8404743e-04, 2.3368841e-05], dtype=float32), array([1.5985355e-04, 2.1907574e-05], dtype=float32), array([1.5297660e-04, 2.0770314e-05], dtype=float32), array([1.4107191e-04, 1.8838298e-05], dtype=float32), array([1.3119537e-04, 1.8047684e-05], dtype=float32), array([1.2057779e-04, 1.6689995e-05], dtype=float32), array([1.0776745e-04, 1.5507789e-05], dtype=float32), array([1.01526515e-04, 1.39717331e-05], dtype=float32), array([9.9262077e-05, 1.3836901e-05], dtype=float32), array([9.6318414e-05, 1.2908588e-05], dtype=float32), array([8.6257540e-05, 1.2183052e-05], dtype=float32), array([9.5097959e-05, 1.1513183e-05], dtype=float32), array([7.5828102e-05, 1.1397367e-05], dtype=float32), array([7.34281202e-05, 1.05372155e-05], dtype=float32), array([6.9343398e-05, 1.0324095e-05], dtype=float32), array([5.9135342e-05, 9.2624714e-06], dtype=float32), array([5.5497905e-05, 8.8525321e-06], dtype=float32), array([5.5213066e-05, 8.1489252e-06], dtype=float32), array([4.8568687e-05, 8.3408622e-06], dtype=float32), array([4.620930e-05, 7.737318e-06], dtype=float32), array([4.4284930e-05, 6.9814255e-06], dtype=float32), array([4.0653827e-05, 6.5431041e-06], dtype=float32), array([3.7383907e-05, 6.2674167e-06], dtype=float32), array([0.00614073, 0.00117564], dtype=float32), array([0.03513703, 0.03759437], dtype=float32), array([0.00830361, 0.00714872], dtype=float32), array([0.00510659, 0.00439599], dtype=float32), array([0.00449504, 0.00207176], dtype=float32), array([0.00161309, 0.00109401], dtype=float32), array([0.0008327 , 0.00048003], dtype=float32), array([0.00033156, 0.00012802], dtype=float32), array([2.2004303e-04, 5.6782410e-05], dtype=float32), array([1.8418406e-04, 4.1566847e-05], dtype=float32), array([1.6289260e-04, 3.4962683e-05], dtype=float32), array([1.3773034e-04, 3.1950687e-05], dtype=float32), array([1.2630055e-04, 2.8312868e-05], dtype=float32), array([1.1121878e-04, 2.5331832e-05], dtype=float32), array([1.0200492e-04, 2.2619668e-05], dtype=float32), array([9.274115e-05, 2.150235e-05], dtype=float32), array([8.681814e-05, 1.997559e-05], dtype=float32), array([7.8409015e-05, 1.8774885e-05], dtype=float32), array([7.4353557e-05, 1.7832497e-05], dtype=float32), array([6.7893008e-05, 1.6168296e-05], dtype=float32), array([6.1817482e-05, 1.4879641e-05], dtype=float32), array([6.07916481e-05, 1.39373005e-05], dtype=float32), array([5.3968328e-05, 1.3044788e-05], dtype=float32), array([4.9987550e-05, 1.2541111e-05], dtype=float32)]
Branch acc:  [array([0.85227424, 0.9831225 ], dtype=float32), array([0.97224796, 0.9899309 ], dtype=float32), array([0.9801432 , 0.99382615], dtype=float32), array([0.9841047 , 0.99543166], dtype=float32), array([0.98604125, 0.9958731 ], dtype=float32), array([0.988215 , 0.9967889], dtype=float32), array([0.98892677, 0.99720275], dtype=float32), array([0.99074197, 0.9973683 ], dtype=float32), array([0.99169093, 0.99740136], dtype=float32), array([0.9922537, 0.9975669], dtype=float32), array([0.99258476, 0.99750066], dtype=float32), array([0.9937213, 0.9985269], dtype=float32), array([0.9934565, 0.9983779], dtype=float32), array([0.99374336, 0.9988579 ], dtype=float32), array([0.9947641, 0.9985765], dtype=float32), array([0.9954924, 0.9985876], dtype=float32), array([0.9955806, 0.9981131], dtype=float32), array([0.9961158, 0.9986593], dtype=float32), array([0.995862 , 0.9989738], dtype=float32), array([0.99702066, 0.9995862 ], dtype=float32), array([0.99654067, 0.99863726], dtype=float32), array([0.99533236, 0.9969048 ], dtype=float32), array([0.99726343, 0.9978979 ], dtype=float32), array([0.9970041, 0.99856  ], dtype=float32), array([0.9978648 , 0.99846065], dtype=float32), array([0.99826205, 0.99928826], dtype=float32), array([0.9981793, 0.9989572], dtype=float32), array([0.99768275, 0.9987752 ], dtype=float32), array([0.99860966, 0.9995366 ], dtype=float32), array([0.9987586 , 0.99918896], dtype=float32), array([0.9984938 , 0.99899036], dtype=float32), array([0.9977986, 0.9985269], dtype=float32), array([0.9986262, 0.9980965], dtype=float32), array([0.99856  , 0.9980469], dtype=float32), array([0.99902344, 0.9987586 ], dtype=float32), array([0.9987586, 0.9993214], dtype=float32), array([0.9996524, 0.9997848], dtype=float32), array([0.99966896, 0.99976826], dtype=float32), array([0.9993545, 0.9999007], dtype=float32), array([0.99929935, 0.99938756], dtype=float32), array([0.996651  , 0.99704826], dtype=float32), array([0.9962096, 0.9985269], dtype=float32), array([0.99904  , 0.9993214], dtype=float32), array([0.99753374, 0.9972855 ], dtype=float32), array([0.99908966, 0.99874204], dtype=float32), array([0.9996359, 0.9997186], dtype=float32), array([0.99995035, 0.9998014 ], dtype=float32), array([0.99998343, 0.9999669 ], dtype=float32), array([1., 1.], dtype=float32), array([1., 1.], dtype=float32), array([1., 1.], dtype=float32), array([1., 1.], dtype=float32), array([1., 1.], dtype=float32), array([1., 1.], dtype=float32), array([1., 1.], dtype=float32), array([1., 1.], dtype=float32), array([1., 1.], dtype=float32), array([1., 1.], dtype=float32), array([1., 1.], dtype=float32), array([1., 1.], dtype=float32), array([1., 1.], dtype=float32), array([1., 1.], dtype=float32), array([1., 1.], dtype=float32), array([1., 1.], dtype=float32), array([1., 1.], dtype=float32), array([1., 1.], dtype=float32), array([1., 1.], dtype=float32), array([1., 1.], dtype=float32), array([1., 1.], dtype=float32), array([1., 1.], dtype=float32), array([1., 1.], dtype=float32), array([1., 1.], dtype=float32), array([1., 1.], dtype=float32), array([1., 1.], dtype=float32), array([1., 1.], dtype=float32), array([1., 1.], dtype=float32), array([0.9985214, 0.9996138], dtype=float32), array([0.9892192 , 0.99129367], dtype=float32), array([0.9971972, 0.9974455], dtype=float32), array([0.9983062, 0.998411 ], dtype=float32), array([0.9985765, 0.9992552], dtype=float32), array([0.99960274, 0.9995366 ], dtype=float32), array([0.99985105, 0.99985105], dtype=float32), array([1., 1.], dtype=float32), array([1., 1.], dtype=float32), array([1., 1.], dtype=float32), array([1., 1.], dtype=float32), array([1., 1.], dtype=float32), array([1., 1.], dtype=float32), array([1., 1.], dtype=float32), array([1., 1.], dtype=float32), array([1., 1.], dtype=float32), array([1., 1.], dtype=float32), array([1., 1.], dtype=float32), array([1., 1.], dtype=float32), array([1., 1.], dtype=float32), array([1., 1.], dtype=float32), array([1., 1.], dtype=float32), array([1., 1.], dtype=float32), array([1., 1.], dtype=float32)]
Branch time:  16919.347088575363
BranchyNet.testing()
test suite
utils test
g_baseacc:  0.9901
g_basediff:  1.7529426336288454
screen branchy
