Get network
Branch locs:  [1]
Training
Get data
Training main network
training main:  True
0 :  0.7825742
1 :  0.9451415
2 :  0.96577066
3 :  0.9733735
4 :  0.978466
5 :  0.98114187
6 :  0.9826591
7 :  0.9847612
8 :  0.9864385
9 :  0.98764676
10 :  0.98837507
11 :  0.9896716
12 :  0.9903282
13 :  0.99123853
14 :  0.991062
15 :  0.9919999
16 :  0.9929544
17 :  0.9935393
18 :  0.99402475
19 :  0.99459857
20 :  0.99330753
21 :  0.9948413
22 :  0.9942841
23 :  0.9962593
24 :  0.99683857
25 :  0.9966896
26 :  0.9960717
27 :  0.99730206
28 :  0.9972855
29 :  0.99619305
30 :  0.9970317
31 :  0.9974952
32 :  0.9982455
33 :  0.9984883
34 :  0.9969324
35 :  0.9979476
36 :  0.99854344
37 :  0.9981296
38 :  0.9987752
39 :  0.9962096
40 :  0.99854344
41 :  0.99867034
42 :  0.9977986
43 :  0.9992055
44 :  0.9979255
45 :  0.9970979
46 :  0.9974179
47 :  0.99938756
48 :  0.99985105
49 :  0.9998621
Main loss:  [0.7428895, 0.17946085, 0.110478304, 0.08614667, 0.06893062, 0.059415616, 0.05353629, 0.047936674, 0.043328255, 0.039273586, 0.036389597, 0.03251788, 0.03071792, 0.02822403, 0.026791543, 0.02386477, 0.022298472, 0.020372735, 0.019180838, 0.016751446, 0.018913126, 0.015758242, 0.016771944, 0.012042562, 0.010006038, 0.010411196, 0.011886732, 0.0091939, 0.008462315, 0.0111893015, 0.008808179, 0.007583085, 0.00590119, 0.0047153817, 0.0090064965, 0.006367469, 0.005163077, 0.0052315877, 0.0041395766, 0.011539761, 0.0044676266, 0.0038949407, 0.006767064, 0.0030020985, 0.0052335844, 0.00768496, 0.006830072, 0.0023021929, 0.0009455222, 0.00071429904]
Main acc:  [0.7825742, 0.9451415, 0.96577066, 0.9733735, 0.978466, 0.98114187, 0.9826591, 0.9847612, 0.9864385, 0.98764676, 0.98837507, 0.9896716, 0.9903282, 0.99123853, 0.991062, 0.9919999, 0.9929544, 0.9935393, 0.99402475, 0.99459857, 0.99330753, 0.9948413, 0.9942841, 0.9962593, 0.99683857, 0.9966896, 0.9960717, 0.99730206, 0.9972855, 0.99619305, 0.9970317, 0.9974952, 0.9982455, 0.9984883, 0.9969324, 0.9979476, 0.99854344, 0.9981296, 0.9987752, 0.9962096, 0.99854344, 0.99867034, 0.9977986, 0.9992055, 0.9979255, 0.9970979, 0.9974179, 0.99938756, 0.99985105, 0.9998621]
Main time:  3963.0466306209564
Training branchynet network
training main:  False
0 :  [0.7763506 0.9928661]
1 :  [0.95101184 0.9957958 ]
2 :  [0.9648217  0.99844414]
3 :  [0.9716631 0.9983779]
4 :  [0.9748797 0.9979972]
5 :  [0.977197  0.9981296]
6 :  [0.97973496 0.99798065]
7 :  [0.98043567 0.99922204]
8 :  [0.9818315 0.998891 ]
9 :  [0.98280257 0.9986262 ]
10 :  [0.98395014 0.9987917 ]
11 :  [0.98422605 0.9985765 ]
12 :  [0.9845681  0.99675035]
13 :  [0.9853736 0.9975172]
14 :  [0.9862564 0.9994207]
15 :  [0.98660403 0.9998014 ]
16 :  [0.98670334 0.9996359 ]
17 :  [0.9870067  0.99985105]
18 :  [0.988033   0.99922204]
19 :  [0.98808265 0.9983062 ]
20 :  [0.98885506 0.99842757]
21 :  [0.98924124 0.99885243]
22 :  [0.9885737  0.99667305]
23 :  [0.989004   0.99880826]
24 :  [0.9894675 0.9987917]
25 :  [0.98968816 0.9992055 ]
26 :  [0.990284  0.9995531]
27 :  [0.99062055 0.9994538 ]
28 :  [0.990124  0.9983117]
29 :  [0.99026746 0.9979476 ]
30 :  [0.9903833  0.99930483]
31 :  [0.9908357 0.9989572]
32 :  [0.99082476 0.9993379 ]
33 :  [0.99131024 0.99893516]
34 :  [0.99148685 0.99791443]
35 :  [0.991542   0.99918896]
36 :  [0.9917241  0.99948686]
37 :  [0.99206614 0.99970204]
38 :  [0.99231994 0.9990731 ]
39 :  [0.9924027  0.99927723]
40 :  [0.9925296  0.99629235]
41 :  [0.9919337 0.9985269]
42 :  [0.9928772 0.9991724]
43 :  [0.99318063 0.99928826]
44 :  [0.99205506 0.9998179 ]
45 :  [0.99364406 0.9998179 ]
46 :  [0.9934951 1.       ]
47 :  [0.9935227 1.       ]
48 :  [0.9935944 1.       ]
49 :  [0.9938096 1.       ]
50 :  [0.9932579 1.       ]
51 :  [0.9935558 1.       ]
52 :  [0.99393094 1.        ]
53 :  [0.993942 1.      ]
54 :  [0.9940413 1.       ]
55 :  [0.99410754 1.        ]
56 :  [0.9937103 1.       ]
57 :  [0.994262 1.      ]
58 :  [0.9943227 1.       ]
59 :  [0.9947641 1.       ]
60 :  [0.9940689 1.       ]
61 :  [0.9948358 1.       ]
62 :  [0.99460405 1.        ]
63 :  [0.9943503 1.       ]
64 :  [0.9942123 1.       ]
65 :  [0.9946482 1.       ]
66 :  [0.9951117 1.       ]
67 :  [0.99513376 1.        ]
68 :  [0.995211 1.      ]
69 :  [0.99506205 1.        ]
70 :  [0.99544823 1.        ]
71 :  [0.9951999 1.       ]
72 :  [0.9954924 1.       ]
73 :  [0.9960386 1.       ]
74 :  [0.99544823 1.        ]
75 :  [0.99515027 1.        ]
76 :  [0.9957682 1.       ]
77 :  [0.996342 1.      ]
78 :  [0.99629235 1.        ]
79 :  [0.9959613 1.       ]
80 :  [0.9959448 1.       ]
81 :  [0.99535996 1.        ]
82 :  [0.9955255 1.       ]
83 :  [0.99619305 1.        ]
84 :  [0.99657375 1.        ]
85 :  [0.99678344 1.        ]
86 :  [0.9963917 1.       ]
87 :  [0.9970041 1.       ]
88 :  [0.99667305 1.        ]
89 :  [0.99660134 1.        ]
90 :  [0.99724686 1.        ]
91 :  [0.9968717 1.       ]
92 :  [0.9965296 1.       ]
93 :  [0.9964248 1.       ]
94 :  [0.9972966 1.       ]
95 :  [0.9970869 1.       ]
96 :  [0.99798065 1.        ]
97 :  [0.996011 1.      ]
98 :  [0.99704826 1.        ]
99 :  [0.99663997 1.        ]
Branch loss:  [array([0.78850245, 0.0225681 ], dtype=float32), array([0.17559566, 0.01231098], dtype=float32), array([0.12039593, 0.00448999], dtype=float32), array([0.09662586, 0.00466907], dtype=float32), array([0.0846396 , 0.00526207], dtype=float32), array([0.07568534, 0.00515862], dtype=float32), array([0.06835571, 0.00576817], dtype=float32), array([0.06463458, 0.00270241], dtype=float32), array([0.06020496, 0.00339924], dtype=float32), array([0.05690106, 0.00323566], dtype=float32), array([0.05350762, 0.00375627], dtype=float32), array([0.05195307, 0.00408643], dtype=float32), array([0.04909148, 0.00956409], dtype=float32), array([0.04700952, 0.00859131], dtype=float32), array([0.04440131, 0.00173917], dtype=float32), array([0.04366183, 0.00073383], dtype=float32), array([0.04287017, 0.00113111], dtype=float32), array([0.04120941, 0.00057358], dtype=float32), array([0.0380383 , 0.00207273], dtype=float32), array([0.03811172, 0.00443844], dtype=float32), array([0.036649  , 0.00505904], dtype=float32), array([0.03561161, 0.00352303], dtype=float32), array([0.03627482, 0.01056996], dtype=float32), array([0.03546828, 0.00307951], dtype=float32), array([0.03428083, 0.00387974], dtype=float32), array([0.03335465, 0.00283248], dtype=float32), array([0.03199353, 0.00140795], dtype=float32), array([0.03065986, 0.00152972], dtype=float32), array([0.03206348, 0.00504294], dtype=float32), array([0.03057584, 0.00579876], dtype=float32), array([0.03133781, 0.0019534 ], dtype=float32), array([0.02940098, 0.00302502], dtype=float32), array([0.02889255, 0.00189558], dtype=float32), array([0.02766299, 0.00363011], dtype=float32), array([0.02779727, 0.00712119], dtype=float32), array([0.02720802, 0.00270912], dtype=float32), array([0.02639185, 0.00160615], dtype=float32), array([0.02584769, 0.00106779], dtype=float32), array([0.02550603, 0.00267721], dtype=float32), array([0.02495094, 0.00223424], dtype=float32), array([0.02445967, 0.01302763], dtype=float32), array([0.02468099, 0.00453436], dtype=float32), array([0.02286744, 0.00283071], dtype=float32), array([0.02330334, 0.00210726], dtype=float32), array([0.02407252, 0.00070086], dtype=float32), array([0.02167396, 0.00037729], dtype=float32), array([2.1234216e-02, 4.3252836e-05], dtype=float32), array([2.0934775e-02, 2.5567351e-05], dtype=float32), array([2.1021638e-02, 2.0742995e-05], dtype=float32), array([2.0327145e-02, 1.8559602e-05], dtype=float32), array([2.1115763e-02, 1.6465341e-05], dtype=float32), array([2.0205101e-02, 1.5071346e-05], dtype=float32), array([1.9347886e-02, 1.4402524e-05], dtype=float32), array([1.9290501e-02, 1.3098163e-05], dtype=float32), array([1.9217029e-02, 1.2121005e-05], dtype=float32), array([1.8584223e-02, 1.0893438e-05], dtype=float32), array([1.9637166e-02, 1.0240692e-05], dtype=float32), array([1.8681874e-02, 1.0074863e-05], dtype=float32), array([1.8703232e-02, 9.1111915e-06], dtype=float32), array([1.7097415e-02, 8.3642399e-06], dtype=float32), array([1.851072e-02, 8.271329e-06], dtype=float32), array([1.7170923e-02, 7.7732702e-06], dtype=float32), array([1.7309882e-02, 6.9126709e-06], dtype=float32), array([1.7803354e-02, 6.5463400e-06], dtype=float32), array([1.7474499e-02, 6.3093948e-06], dtype=float32), array([1.6544772e-02, 5.9718873e-06], dtype=float32), array([1.5671184e-02, 5.6042099e-06], dtype=float32), array([1.5610281e-02, 5.3730050e-06], dtype=float32), array([1.5545680e-02, 5.0793756e-06], dtype=float32), array([1.6060695e-02, 4.9434288e-06], dtype=float32), array([1.4866755e-02, 4.5651800e-06], dtype=float32), array([1.4978078e-02, 4.3188743e-06], dtype=float32), array([1.4471935e-02, 4.0268969e-06], dtype=float32), array([1.3735773e-02, 3.6774720e-06], dtype=float32), array([1.4779268e-02, 3.5859182e-06], dtype=float32), array([1.4858376e-02, 3.4414788e-06], dtype=float32), array([1.3420633e-02, 3.2254491e-06], dtype=float32), array([1.2709345e-02, 3.0389212e-06], dtype=float32), array([1.2688239e-02, 2.7313690e-06], dtype=float32), array([1.3242333e-02, 2.6476343e-06], dtype=float32), array([1.3518094e-02, 2.5388010e-06], dtype=float32), array([1.38671715e-02, 2.34952677e-06], dtype=float32), array([1.4038109e-02, 2.3636758e-06], dtype=float32), array([1.2630413e-02, 2.1400795e-06], dtype=float32), array([1.1283103e-02, 2.0783964e-06], dtype=float32), array([1.1738954e-02, 2.0135931e-06], dtype=float32), array([1.1903370e-02, 1.8595355e-06], dtype=float32), array([1.0676066e-02, 1.7527123e-06], dtype=float32), array([1.0744750e-02, 1.6099464e-06], dtype=float32), array([1.1118503e-02, 1.5535986e-06], dtype=float32), array([1.0483351e-02, 1.4231872e-06], dtype=float32), array([1.04452055e-02, 1.35234347e-06], dtype=float32), array([1.0870698e-02, 1.2968851e-06], dtype=float32), array([1.1325632e-02, 1.1875256e-06], dtype=float32), array([9.8027820e-03, 1.1319885e-06], dtype=float32), array([1.04854135e-02, 1.06535413e-06], dtype=float32), array([8.9066960e-03, 1.0024188e-06], dtype=float32), array([1.1941728e-02, 1.0346205e-06], dtype=float32), array([9.963364e-03, 8.793895e-07], dtype=float32), array([1.1012329e-02, 8.5696939e-07], dtype=float32)]
Branch acc:  [array([0.7763506, 0.9928661], dtype=float32), array([0.95101184, 0.9957958 ], dtype=float32), array([0.9648217 , 0.99844414], dtype=float32), array([0.9716631, 0.9983779], dtype=float32), array([0.9748797, 0.9979972], dtype=float32), array([0.977197 , 0.9981296], dtype=float32), array([0.97973496, 0.99798065], dtype=float32), array([0.98043567, 0.99922204], dtype=float32), array([0.9818315, 0.998891 ], dtype=float32), array([0.98280257, 0.9986262 ], dtype=float32), array([0.98395014, 0.9987917 ], dtype=float32), array([0.98422605, 0.9985765 ], dtype=float32), array([0.9845681 , 0.99675035], dtype=float32), array([0.9853736, 0.9975172], dtype=float32), array([0.9862564, 0.9994207], dtype=float32), array([0.98660403, 0.9998014 ], dtype=float32), array([0.98670334, 0.9996359 ], dtype=float32), array([0.9870067 , 0.99985105], dtype=float32), array([0.988033  , 0.99922204], dtype=float32), array([0.98808265, 0.9983062 ], dtype=float32), array([0.98885506, 0.99842757], dtype=float32), array([0.98924124, 0.99885243], dtype=float32), array([0.9885737 , 0.99667305], dtype=float32), array([0.989004  , 0.99880826], dtype=float32), array([0.9894675, 0.9987917], dtype=float32), array([0.98968816, 0.9992055 ], dtype=float32), array([0.990284 , 0.9995531], dtype=float32), array([0.99062055, 0.9994538 ], dtype=float32), array([0.990124 , 0.9983117], dtype=float32), array([0.99026746, 0.9979476 ], dtype=float32), array([0.9903833 , 0.99930483], dtype=float32), array([0.9908357, 0.9989572], dtype=float32), array([0.99082476, 0.9993379 ], dtype=float32), array([0.99131024, 0.99893516], dtype=float32), array([0.99148685, 0.99791443], dtype=float32), array([0.991542  , 0.99918896], dtype=float32), array([0.9917241 , 0.99948686], dtype=float32), array([0.99206614, 0.99970204], dtype=float32), array([0.99231994, 0.9990731 ], dtype=float32), array([0.9924027 , 0.99927723], dtype=float32), array([0.9925296 , 0.99629235], dtype=float32), array([0.9919337, 0.9985269], dtype=float32), array([0.9928772, 0.9991724], dtype=float32), array([0.99318063, 0.99928826], dtype=float32), array([0.99205506, 0.9998179 ], dtype=float32), array([0.99364406, 0.9998179 ], dtype=float32), array([0.9934951, 1.       ], dtype=float32), array([0.9935227, 1.       ], dtype=float32), array([0.9935944, 1.       ], dtype=float32), array([0.9938096, 1.       ], dtype=float32), array([0.9932579, 1.       ], dtype=float32), array([0.9935558, 1.       ], dtype=float32), array([0.99393094, 1.        ], dtype=float32), array([0.993942, 1.      ], dtype=float32), array([0.9940413, 1.       ], dtype=float32), array([0.99410754, 1.        ], dtype=float32), array([0.9937103, 1.       ], dtype=float32), array([0.994262, 1.      ], dtype=float32), array([0.9943227, 1.       ], dtype=float32), array([0.9947641, 1.       ], dtype=float32), array([0.9940689, 1.       ], dtype=float32), array([0.9948358, 1.       ], dtype=float32), array([0.99460405, 1.        ], dtype=float32), array([0.9943503, 1.       ], dtype=float32), array([0.9942123, 1.       ], dtype=float32), array([0.9946482, 1.       ], dtype=float32), array([0.9951117, 1.       ], dtype=float32), array([0.99513376, 1.        ], dtype=float32), array([0.995211, 1.      ], dtype=float32), array([0.99506205, 1.        ], dtype=float32), array([0.99544823, 1.        ], dtype=float32), array([0.9951999, 1.       ], dtype=float32), array([0.9954924, 1.       ], dtype=float32), array([0.9960386, 1.       ], dtype=float32), array([0.99544823, 1.        ], dtype=float32), array([0.99515027, 1.        ], dtype=float32), array([0.9957682, 1.       ], dtype=float32), array([0.996342, 1.      ], dtype=float32), array([0.99629235, 1.        ], dtype=float32), array([0.9959613, 1.       ], dtype=float32), array([0.9959448, 1.       ], dtype=float32), array([0.99535996, 1.        ], dtype=float32), array([0.9955255, 1.       ], dtype=float32), array([0.99619305, 1.        ], dtype=float32), array([0.99657375, 1.        ], dtype=float32), array([0.99678344, 1.        ], dtype=float32), array([0.9963917, 1.       ], dtype=float32), array([0.9970041, 1.       ], dtype=float32), array([0.99667305, 1.        ], dtype=float32), array([0.99660134, 1.        ], dtype=float32), array([0.99724686, 1.        ], dtype=float32), array([0.9968717, 1.       ], dtype=float32), array([0.9965296, 1.       ], dtype=float32), array([0.9964248, 1.       ], dtype=float32), array([0.9972966, 1.       ], dtype=float32), array([0.9970869, 1.       ], dtype=float32), array([0.99798065, 1.        ], dtype=float32), array([0.996011, 1.      ], dtype=float32), array([0.99704826, 1.        ], dtype=float32), array([0.99663997, 1.        ], dtype=float32)]
Branch time:  11847.21604847908
BranchyNet.testing()
test suite
utils test
g_baseacc:  0.9906
g_basediff:  1.7618992567062377
screen branchy
